Start testing: Oct 25 03:55 MSK
----------------------------------------------------------
1/1 Testing: lab2test
1/1 Test: lab2test
Command: "/mnt/c/Users/Max/Desktop/osi/jlabs/labs-osi-floryajulya/build/tests/lab2test"
Directory: /mnt/c/Users/Max/Desktop/osi/jlabs/labs-osi-floryajulya/build/tests
"lab2test" start time: Oct 25 03:55 MSK
Output:
----------------------------------------------------------
Running main() from /mnt/c/Users/Max/Desktop/osi/jlabs/labs-osi-floryajulya/build/_deps/googletest-src/googletest/src/gtest_main.cc
[==========] Running 3 tests from 1 test suite.
[----------] Global test environment set-up.
[----------] 3 tests from SecondLabTests
[ RUN      ] SecondLabTests.SingleThreadIsCorrect
[       OK ] SecondLabTests.SingleThreadIsCorrect (0 ms)
[ RUN      ] SecondLabTests.MultiThreadIsSameAsSingleThread
[       OK ] SecondLabTests.MultiThreadIsSameAsSingleThread (67 ms)
[ RUN      ] SecondLabTests.MultiThreadIsFasterThanSingleThread
[       OK ] SecondLabTests.MultiThreadIsFasterThanSingleThread (128 ms)
[----------] 3 tests from SecondLabTests (196 ms total)

[----------] Global test environment tear-down
[==========] 3 tests from 1 test suite ran. (196 ms total)
[  PASSED  ] 3 tests.
<end of output>
Test time =   0.27 sec
----------------------------------------------------------
Test Passed.
"lab2test" end time: Oct 25 03:55 MSK
"lab2test" time elapsed: 00:00:00
----------------------------------------------------------

End testing: Oct 25 03:55 MSK
